  customTests.cpp
  The contents of <filesystem> are available only with C++17 or later.
C:\Users\natha\Desktop\GitHubProjects\Soft_Materials_Tester\C++\Soft_Materials_Tester\Soft_Materials_Tester\customTests.cpp(138,31): error C2039: 'directory_iterator': is not a member of 'std::experimental::filesystem'
C:\Program Files (x86)\Microsoft Visual Studio\2019\Community\VC\Tools\MSVC\14.28.29333\include\fstream(43): message : see declaration of 'std::experimental::filesystem'
C:\Users\natha\Desktop\GitHubProjects\Soft_Materials_Tester\C++\Soft_Materials_Tester\Soft_Materials_Tester\customTests.cpp(138,54): error C3861: 'directory_iterator': identifier not found
C:\Users\natha\Desktop\GitHubProjects\Soft_Materials_Tester\C++\Soft_Materials_Tester\Soft_Materials_Tester\customTests.cpp(139,2): error C3861: 'directory_iterator': identifier not found
C:\Users\natha\Desktop\GitHubProjects\Soft_Materials_Tester\C++\Soft_Materials_Tester\Soft_Materials_Tester\customTests.cpp(138,49): error C2672: 'begin': no matching overloaded function found
C:\Users\natha\Desktop\GitHubProjects\Soft_Materials_Tester\C++\Soft_Materials_Tester\Soft_Materials_Tester\customTests.cpp(139,2): error C2893: Failed to specialize function template 'unknown-type std::begin(_Container &)'
C:\Program Files (x86)\Microsoft Visual Studio\2019\Community\VC\Tools\MSVC\14.28.29333\include\xutility(2169): message : see declaration of 'std::begin'
C:\Users\natha\Desktop\GitHubProjects\Soft_Materials_Tester\C++\Soft_Materials_Tester\Soft_Materials_Tester\customTests.cpp(139,2): message : With the following template arguments:
C:\Users\natha\Desktop\GitHubProjects\Soft_Materials_Tester\C++\Soft_Materials_Tester\Soft_Materials_Tester\customTests.cpp(139,2): message : '_Container=unknown-type'
C:\Users\natha\Desktop\GitHubProjects\Soft_Materials_Tester\C++\Soft_Materials_Tester\Soft_Materials_Tester\customTests.cpp(139,2): error C2784: 'const _Elem *std::begin(std::initializer_list<_Elem>) noexcept': could not deduce template argument for 'std::initializer_list<_Elem>' from 'unknown-type'
C:\Program Files (x86)\Microsoft Visual Studio\2019\Community\VC\Tools\MSVC\14.28.29333\include\initializer_list(57): message : see declaration of 'std::begin'
C:\Users\natha\Desktop\GitHubProjects\Soft_Materials_Tester\C++\Soft_Materials_Tester\Soft_Materials_Tester\customTests.cpp(138,49): error C2672: 'end': no matching overloaded function found
C:\Users\natha\Desktop\GitHubProjects\Soft_Materials_Tester\C++\Soft_Materials_Tester\Soft_Materials_Tester\customTests.cpp(139,2): error C2893: Failed to specialize function template 'unknown-type std::end(_Container &)'
C:\Program Files (x86)\Microsoft Visual Studio\2019\Community\VC\Tools\MSVC\14.28.29333\include\xutility(2179): message : see declaration of 'std::end'
C:\Users\natha\Desktop\GitHubProjects\Soft_Materials_Tester\C++\Soft_Materials_Tester\Soft_Materials_Tester\customTests.cpp(139,2): message : With the following template arguments:
C:\Users\natha\Desktop\GitHubProjects\Soft_Materials_Tester\C++\Soft_Materials_Tester\Soft_Materials_Tester\customTests.cpp(139,2): message : '_Container=unknown-type'
C:\Users\natha\Desktop\GitHubProjects\Soft_Materials_Tester\C++\Soft_Materials_Tester\Soft_Materials_Tester\customTests.cpp(139,2): error C2784: 'const _Elem *std::end(std::initializer_list<_Elem>) noexcept': could not deduce template argument for 'std::initializer_list<_Elem>' from 'unknown-type'
C:\Program Files (x86)\Microsoft Visual Studio\2019\Community\VC\Tools\MSVC\14.28.29333\include\initializer_list(63): message : see declaration of 'std::end'
C:\Users\natha\Desktop\GitHubProjects\Soft_Materials_Tester\C++\Soft_Materials_Tester\Soft_Materials_Tester\customTests.cpp(139,2): error C3536: '<begin>$L0': cannot be used before it is initialized
C:\Users\natha\Desktop\GitHubProjects\Soft_Materials_Tester\C++\Soft_Materials_Tester\Soft_Materials_Tester\customTests.cpp(139,2): error C3536: '<end>$L0': cannot be used before it is initialized
C:\Users\natha\Desktop\GitHubProjects\Soft_Materials_Tester\C++\Soft_Materials_Tester\Soft_Materials_Tester\customTests.cpp(138,54): error C2100: illegal indirection
C:\Users\natha\Desktop\GitHubProjects\Soft_Materials_Tester\C++\Soft_Materials_Tester\Soft_Materials_Tester\customTests.cpp(251,53): warning C4129: ' ': unrecognized character escape sequence
C:\Users\natha\Desktop\GitHubProjects\Soft_Materials_Tester\C++\Soft_Materials_Tester\Soft_Materials_Tester\customTests.cpp(251,75): warning C4554: '<<': check operator precedence for possible error; use parentheses to clarify precedence
